#
# There is insufficient memory for the Java Runtime Environment to continue.
# Native memory allocation (malloc) failed to allocate 32744 bytes. Error detail: Chunk::new
# Possible reasons:
#   The system is out of physical RAM or swap space
#   This process is running with CompressedOops enabled, and the Java Heap may be blocking the growth of the native heap
# Possible solutions:
#   Reduce memory load on the system
#   Increase physical memory or swap space
#   Check if swap backing store is full
#   Decrease Java heap size (-Xmx/-Xms)
#   Decrease number of Java threads
#   Decrease Java thread stack sizes (-Xss)
#   Set larger code cache with -XX:ReservedCodeCacheSize=
#   JVM is running with Unscaled Compressed Oops mode in which the Java heap is
#     placed in the first 4GB address space. The Java Heap base address is the
#     maximum limit for the native heap growth. Please use -XX:HeapBaseMinAddress
#     to set the Java Heap base and to place the Java Heap above 4GB virtual address.
# This output file may be truncated or incomplete.
#
#  Out of Memory Error (arena.cpp:149), pid=20980, tid=21160
#
# JRE version: OpenJDK Runtime Environment (23.0+37) (build 23+37-2369)
# Java VM: OpenJDK 64-Bit Server VM (23+37-2369, mixed mode, sharing, tiered, compressed oops, compressed class ptrs, g1 gc, windows-amd64)
# No core dump will be written. Minidumps are not enabled by default on client versions of Windows
#

---------------  S U M M A R Y ------------

Command Line: -javaagent:C:\Users\Amit\AppData\Local\Programs\IntelliJ IDEA Community Edition\lib\idea_rt.jar=51049:C:\Users\Amit\AppData\Local\Programs\IntelliJ IDEA Community Edition\bin -Dfile.encoding=UTF-8 -Dsun.stdout.encoding=UTF-8 -Dsun.stderr.encoding=UTF-8 org.example.App

Host: Intel(R) Core(TM) i5-6300HQ CPU @ 2.30GHz, 4 cores, 7G,  Windows 10 , 64 bit Build 19041 (10.0.19041.2546)
Time: Sat Sep 28 18:04:41 2024 India Standard Time elapsed time: 6.656278 seconds (0d 0h 0m 6s)

---------------  T H R E A D  ---------------

Current thread (0x000001fcf6cae130):  JavaThread "C2 CompilerThread0" daemon [_thread_in_native, id=21160, stack(0x0000005245800000,0x0000005245900000) (1024K)]


Current CompileTask:
C2:6656 1629 % !   4       java.util.concurrent.ConcurrentHashMap::transfer @ 96 (849 bytes)

Stack: [0x0000005245800000,0x0000005245900000]
Native frames: (J=compiled Java code, j=interpreted, Vv=VM code, C=native code)
V  [jvm.dll+0x6e08a9]  (no source info available)
V  [jvm.dll+0x87da63]  (no source info available)
V  [jvm.dll+0x87feee]  (no source info available)
V  [jvm.dll+0x8805c3]  (no source info available)
V  [jvm.dll+0x27aee6]  (no source info available)
V  [jvm.dll+0xbc06f]  (no source info available)
V  [jvm.dll+0xbc2cb]  (no source info available)
V  [jvm.dll+0x666a3b]  (no source info available)
V  [jvm.dll+0x666bdf]  (no source info available)
V  [jvm.dll+0x666bdf]  (no source info available)
V  [jvm.dll+0x66c7e7]  (no source info available)
V  [jvm.dll+0x66dae9]  (no source info available)
V  [jvm.dll+0x66bb45]  (no source info available)
V  [jvm.dll+0x2448d7]  (no source info available)
V  [jvm.dll+0x243dff]  (no source info available)
V  [jvm.dll+0x1c33a0]  (no source info available)
V  [jvm.dll+0x253cf1]  (no source info available)
V  [jvm.dll+0x251faa]  (no source info available)
V  [jvm.dll+0x3ee036]  (no source info available)
V  [jvm.dll+0x824f1b]  (no source info available)
V  [jvm.dll+0x6df055]  (no source info available)
C  [ucrtbase.dll+0x21bb2]  (no source info available)
C  [KERNEL32.DLL+0x17614]  (no source info available)
C  [ntdll.dll+0x526a1]  (no source info available)

Lock stack of current Java thread (top to bottom):


---------------  P R O C E S S  ---------------

Threads class SMR info:
_java_thread_list=0x000001fcd4e20170, length=22, elements={
0x000001fce71a82f0, 0x000001fcf6c93b40, 0x000001fcf6c94a60, 0x000001fcf6c9ac90,
0x000001fcf6c9ba40, 0x000001fcf6c9e4b0, 0x000001fcf6ca9700, 0x000001fcf6cae130,
0x000001fcf6cb2fe0, 0x000001fcd40e6a90, 0x000001fcd4451680, 0x000001fcd4451cf0,
0x000001fcd4727640, 0x000001fcd4897fb0, 0x000001fcd486da60, 0x000001fcd486e550,
0x000001fcd48b7600, 0x000001fcd48b8570, 0x000001fcd47bec30, 0x000001fcd4e2d8c0,
0x000001fcd4e2be80, 0x000001fcd4e2b160
}

Java Threads: ( => current thread )
  0x000001fce71a82f0 JavaThread "Forwarding newSession on session null to remote"        [_thread_in_vm, id=21076, stack(0x0000005244a00000,0x0000005244b00000) (1024K)]
  0x000001fcf6c93b40 JavaThread "Reference Handler"          daemon [_thread_blocked, id=21136, stack(0x0000005245200000,0x0000005245300000) (1024K)]
  0x000001fcf6c94a60 JavaThread "Finalizer"                  daemon [_thread_blocked, id=21140, stack(0x0000005245300000,0x0000005245400000) (1024K)]
  0x000001fcf6c9ac90 JavaThread "Signal Dispatcher"          daemon [_thread_blocked, id=21144, stack(0x0000005245400000,0x0000005245500000) (1024K)]
  0x000001fcf6c9ba40 JavaThread "Attach Listener"            daemon [_thread_blocked, id=21148, stack(0x0000005245500000,0x0000005245600000) (1024K)]
  0x000001fcf6c9e4b0 JavaThread "Service Thread"             daemon [_thread_blocked, id=21152, stack(0x0000005245600000,0x0000005245700000) (1024K)]
  0x000001fcf6ca9700 JavaThread "Monitor Deflation Thread"   daemon [_thread_blocked, id=21156, stack(0x0000005245700000,0x0000005245800000) (1024K)]
=>0x000001fcf6cae130 JavaThread "C2 CompilerThread0"         daemon [_thread_in_native, id=21160, stack(0x0000005245800000,0x0000005245900000) (1024K)]
  0x000001fcf6cb2fe0 JavaThread "C1 CompilerThread0"         daemon [_thread_in_native, id=21164, stack(0x0000005245900000,0x0000005245a00000) (1024K)]
  0x000001fcd40e6a90 JavaThread "Common-Cleaner"             daemon [_thread_blocked, id=21212, stack(0x0000005245a00000,0x0000005245b00000) (1024K)]
  0x000001fcd4451680 JavaThread "Monitor Ctrl-Break"         daemon [_thread_in_native, id=21224, stack(0x0000005245c00000,0x0000005245d00000) (1024K)]
  0x000001fcd4451cf0 JavaThread "Notification Thread"        daemon [_thread_blocked, id=21228, stack(0x0000005245d00000,0x0000005245e00000) (1024K)]
  0x000001fcd4727640 JavaThread "ForkJoinPool.commonPool-worker-1" daemon [_thread_blocked, id=17556, stack(0x0000005245b00000,0x0000005245c00000) (1024K)]
  0x000001fcd4897fb0 JavaThread "HttpClient-1-SelectorManager" daemon [_thread_in_native, id=4208, stack(0x0000005246200000,0x0000005246300000) (1024K)]
  0x000001fcd486da60 JavaThread "External Process Output Forwarder - C:\Users\Amit\.cache\selenium\chromedriver\win64\129.0.6668.70\chromedriver.exe" daemon [_thread_in_native, id=20656, stack(0x0000005246300000,0x0000005246400000) (1024K)]
  0x000001fcd486e550 JavaThread "Driver Service Executor"    daemon [_thread_blocked, id=20660, stack(0x0000005246400000,0x0000005246500000) (1024K)]
  0x000001fcd48b7600 JavaThread "Driver Service Executor"    daemon [_thread_in_native, id=20652, stack(0x0000005246500000,0x0000005246600000) (1024K)]
  0x000001fcd48b8570 JavaThread "UrlChecker-2"               daemon [_thread_blocked, id=15584, stack(0x0000005246600000,0x0000005246700000) (1024K)]
  0x000001fcd47bec30 JavaThread "Keep-Alive-Timer"           daemon [_thread_blocked, id=9532, stack(0x0000005245e00000,0x0000005245f00000) (1024K)]
  0x000001fcd4e2d8c0 JavaThread "JdkHttpClient-0-0"          daemon [_thread_blocked, id=5960, stack(0x0000005246800000,0x0000005246900000) (1024K)]
  0x000001fcd4e2be80 JavaThread "JdkHttpClient-0-1"          daemon [_thread_blocked, id=15284, stack(0x0000005246900000,0x0000005246a00000) (1024K)]
  0x000001fcd4e2b160 JavaThread "JdkHttpClient-0-2"          daemon [_thread_blocked, id=19660, stack(0x0000005246a00000,0x0000005246b00000) (1024K)]
Total: 22

Other Threads:
  0x000001fcf6c7cd70 VMThread "VM Thread"                           [id=21128, stack(0x0000005245100000,0x0000005245200000) (1024K)]
  0x000001fcf6c6a430 WatcherThread "VM Periodic Task Thread"        [id=21116, stack(0x0000005245000000,0x0000005245100000) (1024K)]
  0x000001fce98481e0 WorkerThread "GC Thread#0"                     [id=21084, stack(0x0000005244b00000,0x0000005244c00000) (1024K)]
  0x000001fcd47b7ae0 WorkerThread "GC Thread#1"                     [id=15488, stack(0x0000005245f00000,0x0000005246000000) (1024K)]
  0x000001fcd47c80b0 WorkerThread "GC Thread#2"                     [id=18728, stack(0x0000005246000000,0x0000005246100000) (1024K)]
  0x000001fcd47f1e20 WorkerThread "GC Thread#3"                     [id=14404, stack(0x0000005246100000,0x0000005246200000) (1024K)]
  0x000001fce985cf80 ConcurrentGCThread "G1 Main Marker"            [id=21088, stack(0x0000005244c00000,0x0000005244d00000) (1024K)]
  0x000001fce985e6a0 WorkerThread "G1 Conc#0"                       [id=21092, stack(0x0000005244d00000,0x0000005244e00000) (1024K)]
  0x000001fcf6b2d4c0 ConcurrentGCThread "G1 Refine#0"               [id=21096, stack(0x0000005244e00000,0x0000005244f00000) (1024K)]
  0x000001fcf6b2ef60 ConcurrentGCThread "G1 Service"                [id=21100, stack(0x0000005244f00000,0x0000005245000000) (1024K)]
Total: 10

Threads with active compile tasks:
C2 CompilerThread0  6884 1629 % !   4       java.util.concurrent.ConcurrentHashMap::transfer @ 96 (849 bytes)
C1 CompilerThread0  6884 1642       3       org.openqa.selenium.json.JsonInput::peek (270 bytes)
Total: 2

VM state: not at safepoint (normal execution)

VM Mutex/Monitor currently owned by a thread: None

Heap address: 0x0000000081c00000, size: 2020 MB, Compressed Oops mode: 32-bit

CDS archive(s) mapped at: [0x000001fc8f000000-0x000001fc8fd70000-0x000001fc8fd70000), size 14090240, SharedBaseAddress: 0x000001fc8f000000, ArchiveRelocationMode: 1.
Compressed class space mapped at: 0x000001fc90000000-0x000001fcd0000000, reserved size: 1073741824
Narrow klass base: 0x000001fc8f000000, Narrow klass shift: 0, Narrow klass range: 0x41000000

GC Precious Log:
 CardTable entry size: 512
 Card Set container configuration: InlinePtr #cards 5 size 8 Array Of Cards #cards 10 size 36 Howl #buckets 4 coarsen threshold 1843 Howl Bitmap #cards 512 size 80 coarsen threshold 460 Card regions per heap region 1 cards per card region 2048
 CPUs: 4 total, 4 available
 Memory: 8074M
 Large Page Support: Disabled
 NUMA Support: Disabled
 Compressed Oops: Enabled (32-bit)
 Heap Region Size: 1M
 Heap Min Capacity: 8M
 Heap Initial Capacity: 128M
 Heap Max Capacity: 2020M
 Pre-touch: Disabled
 Parallel Workers: 4
 Concurrent Workers: 1
 Concurrent Refinement Workers: 4
 Periodic GC: Disabled

Heap:
 garbage-first heap   total reserved 2068480K, committed 131072K, used 15487K [0x0000000081c00000, 0x0000000100000000)
  region size 1024K, 13 young (13312K), 2 survivors (2048K)
 Metaspace       used 11101K, committed 11456K, reserved 1114112K
  class space    used 1375K, committed 1536K, reserved 1048576K

Heap Regions: E=young(eden), S=young(survivor), O=old, HS=humongous(starts), HC=humongous(continues), CS=collection set, F=free, TAMS=top-at-mark-start, PB=parsable bottom
|   0|0x0000000081c00000, 0x0000000081d00000, 0x0000000081d00000|100%| O|  |TAMS 0x0000000081c00000| PB 0x0000000081c00000| Untracked |  0
|   1|0x0000000081d00000, 0x0000000081e00000, 0x0000000081e00000|100%| O|  |TAMS 0x0000000081d00000| PB 0x0000000081d00000| Untracked |  0
|   2|0x0000000081e00000, 0x0000000081f00000, 0x0000000081f00000|100%| O|  |TAMS 0x0000000081e00000| PB 0x0000000081e00000| Untracked |  0
|   3|0x0000000081f00000, 0x0000000081f1ffe0, 0x0000000082000000| 12%| O|  |TAMS 0x0000000081f00000| PB 0x0000000081f00000| Untracked |  0
|   4|0x0000000082000000, 0x0000000082000000, 0x0000000082100000|  0%| F|  |TAMS 0x0000000082000000| PB 0x0000000082000000| Untracked |  0
|   5|0x0000000082100000, 0x0000000082100000, 0x0000000082200000|  0%| F|  |TAMS 0x0000000082100000| PB 0x0000000082100000| Untracked |  0
|   6|0x0000000082200000, 0x0000000082200000, 0x0000000082300000|  0%| F|  |TAMS 0x0000000082200000| PB 0x0000000082200000| Untracked |  0
|   7|0x0000000082300000, 0x0000000082300000, 0x0000000082400000|  0%| F|  |TAMS 0x0000000082300000| PB 0x0000000082300000| Untracked |  0
|   8|0x0000000082400000, 0x0000000082400000, 0x0000000082500000|  0%| F|  |TAMS 0x0000000082400000| PB 0x0000000082400000| Untracked |  0
|   9|0x0000000082500000, 0x0000000082500000, 0x0000000082600000|  0%| F|  |TAMS 0x0000000082500000| PB 0x0000000082500000| Untracked |  0
|  10|0x0000000082600000, 0x0000000082600000, 0x0000000082700000|  0%| F|  |TAMS 0x0000000082600000| PB 0x0000000082600000| Untracked |  0
|  11|0x0000000082700000, 0x0000000082700000, 0x0000000082800000|  0%| F|  |TAMS 0x0000000082700000| PB 0x0000000082700000| Untracked |  0
|  12|0x0000000082800000, 0x0000000082800000, 0x0000000082900000|  0%| F|  |TAMS 0x0000000082800000| PB 0x0000000082800000| Untracked |  0
|  13|0x0000000082900000, 0x0000000082900000, 0x0000000082a00000|  0%| F|  |TAMS 0x0000000082900000| PB 0x0000000082900000| Untracked |  0
|  14|0x0000000082a00000, 0x0000000082a00000, 0x0000000082b00000|  0%| F|  |TAMS 0x0000000082a00000| PB 0x0000000082a00000| Untracked |  0
|  15|0x0000000082b00000, 0x0000000082b00000, 0x0000000082c00000|  0%| F|  |TAMS 0x0000000082b00000| PB 0x0000000082b00000| Untracked |  0
|  16|0x0000000082c00000, 0x0000000082c00000, 0x0000000082d00000|  0%| F|  |TAMS 0x0000000082c00000| PB 0x0000000082c00000| Untracked |  0
|  17|0x0000000082d00000, 0x0000000082d00000, 0x0000000082e00000|  0%| F|  |TAMS 0x0000000082d00000| PB 0x0000000082d00000| Untracked |  0
|  18|0x0000000082e00000, 0x0000000082e00000, 0x0000000082f00000|  0%| F|  |TAMS 0x0000000082e00000| PB 0x0000000082e00000| Untracked |  0
|  19|0x0000000082f00000, 0x0000000082f00000, 0x0000000083000000|  0%| F|  |TAMS 0x0000000082f00000| PB 0x0000000082f00000| Untracked |  0
|  20|0x0000000083000000, 0x0000000083000000, 0x0000000083100000|  0%| F|  |TAMS 0x0000000083000000| PB 0x0000000083000000| Untracked |  0
|  21|0x0000000083100000, 0x0000000083100000, 0x0000000083200000|  0%| F|  |TAMS 0x0000000083100000| PB 0x0000000083100000| Untracked |  0
|  22|0x0000000083200000, 0x0000000083200000, 0x0000000083300000|  0%| F|  |TAMS 0x0000000083200000| PB 0x0000000083200000| Untracked |  0
|  23|0x0000000083300000, 0x0000000083300000, 0x0000000083400000|  0%| F|  |TAMS 0x0000000083300000| PB 0x0000000083300000| Untracked |  0
|  24|0x0000000083400000, 0x0000000083400000, 0x0000000083500000|  0%| F|  |TAMS 0x0000000083400000| PB 0x0000000083400000| Untracked |  0
|  25|0x0000000083500000, 0x0000000083500000, 0x0000000083600000|  0%| F|  |TAMS 0x0000000083500000| PB 0x0000000083500000| Untracked |  0
|  26|0x0000000083600000, 0x0000000083600000, 0x0000000083700000|  0%| F|  |TAMS 0x0000000083600000| PB 0x0000000083600000| Untracked |  0
|  27|0x0000000083700000, 0x0000000083700000, 0x0000000083800000|  0%| F|  |TAMS 0x0000000083700000| PB 0x0000000083700000| Untracked |  0
|  28|0x0000000083800000, 0x0000000083800000, 0x0000000083900000|  0%| F|  |TAMS 0x0000000083800000| PB 0x0000000083800000| Untracked |  0
|  29|0x0000000083900000, 0x0000000083900000, 0x0000000083a00000|  0%| F|  |TAMS 0x0000000083900000| PB 0x0000000083900000| Untracked |  0
|  30|0x0000000083a00000, 0x0000000083a00000, 0x0000000083b00000|  0%| F|  |TAMS 0x0000000083a00000| PB 0x0000000083a00000| Untracked |  0
|  31|0x0000000083b00000, 0x0000000083b00000, 0x0000000083c00000|  0%| F|  |TAMS 0x0000000083b00000| PB 0x0000000083b00000| Untracked |  0
|  32|0x0000000083c00000, 0x0000000083c00000, 0x0000000083d00000|  0%| F|  |TAMS 0x0000000083c00000| PB 0x0000000083c00000| Untracked |  0
|  33|0x0000000083d00000, 0x0000000083d00000, 0x0000000083e00000|  0%| F|  |TAMS 0x0000000083d00000| PB 0x0000000083d00000| Untracked |  0
|  34|0x0000000083e00000, 0x0000000083e00000, 0x0000000083f00000|  0%| F|  |TAMS 0x0000000083e00000| PB 0x0000000083e00000| Untracked |  0
|  35|0x0000000083f00000, 0x0000000083f00000, 0x0000000084000000|  0%| F|  |TAMS 0x0000000083f00000| PB 0x0000000083f00000| Untracked |  0
|  36|0x0000000084000000, 0x0000000084000000, 0x0000000084100000|  0%| F|  |TAMS 0x0000000084000000| PB 0x0000000084000000| Untracked |  0
|  37|0x0000000084100000, 0x0000000084100000, 0x0000000084200000|  0%| F|  |TAMS 0x0000000084100000| PB 0x0000000084100000| Untracked |  0
|  38|0x0000000084200000, 0x0000000084200000, 0x0000000084300000|  0%| F|  |TAMS 0x0000000084200000| PB 0x0000000084200000| Untracked |  0
|  39|0x0000000084300000, 0x0000000084300000, 0x0000000084400000|  0%| F|  |TAMS 0x0000000084300000| PB 0x0000000084300000| Untracked |  0
|  40|0x0000000084400000, 0x0000000084400000, 0x0000000084500000|  0%| F|  |TAMS 0x0000000084400000| PB 0x0000000084400000| Untracked |  0
|  41|0x0000000084500000, 0x0000000084500000, 0x0000000084600000|  0%| F|  |TAMS 0x0000000084500000| PB 0x0000000084500000| Untracked |  0
|  42|0x0000000084600000, 0x0000000084600000, 0x0000000084700000|  0%| F|  |TAMS 0x0000000084600000| PB 0x0000000084600000| Untracked |  0
|  43|0x0000000084700000, 0x0000000084700000, 0x0000000084800000|  0%| F|  |TAMS 0x0000000084700000| PB 0x0000000084700000| Untracked |  0
|  44|0x0000000084800000, 0x0000000084800000, 0x0000000084900000|  0%| F|  |TAMS 0x0000000084800000| PB 0x0000000084800000| Untracked |  0
|  45|0x0000000084900000, 0x0000000084900000, 0x0000000084a00000|  0%| F|  |TAMS 0x0000000084900000| PB 0x0000000084900000| Untracked |  0
|  46|0x0000000084a00000, 0x0000000084a00000, 0x0000000084b00000|  0%| F|  |TAMS 0x0000000084a00000| PB 0x0000000084a00000| Untracked |  0
|  47|0x0000000084b00000, 0x0000000084b00000, 0x0000000084c00000|  0%| F|  |TAMS 0x0000000084b00000| PB 0x0000000084b00000| Untracked |  0
|  48|0x0000000084c00000, 0x0000000084c00000, 0x0000000084d00000|  0%| F|  |TAMS 0x0000000084c00000| PB 0x0000000084c00000| Untracked |  0
|  49|0x0000000084d00000, 0x0000000084d00000, 0x0000000084e00000|  0%| F|  |TAMS 0x0000000084d00000| PB 0x0000000084d00000| Untracked |  0
|  50|0x0000000084e00000, 0x0000000084e00000, 0x0000000084f00000|  0%| F|  |TAMS 0x0000000084e00000| PB 0x0000000084e00000| Untracked |  0
|  51|0x0000000084f00000, 0x0000000084f00000, 0x0000000085000000|  0%| F|  |TAMS 0x0000000084f00000| PB 0x0000000084f00000| Untracked |  0
|  52|0x0000000085000000, 0x0000000085000000, 0x0000000085100000|  0%| F|  |TAMS 0x0000000085000000| PB 0x0000000085000000| Untracked |  0
|  53|0x0000000085100000, 0x0000000085100000, 0x0000000085200000|  0%| F|  |TAMS 0x0000000085100000| PB 0x0000000085100000| Untracked |  0
|  54|0x0000000085200000, 0x0000000085200000, 0x0000000085300000|  0%| F|  |TAMS 0x0000000085200000| PB 0x0000000085200000| Untracked |  0
|  55|0x0000000085300000, 0x0000000085300000, 0x0000000085400000|  0%| F|  |TAMS 0x0000000085300000| PB 0x0000000085300000| Untracked |  0
|  56|0x0000000085400000, 0x0000000085400000, 0x0000000085500000|  0%| F|  |TAMS 0x0000000085400000| PB 0x0000000085400000| Untracked |  0
|  57|0x0000000085500000, 0x0000000085500000, 0x0000000085600000|  0%| F|  |TAMS 0x0000000085500000| PB 0x0000000085500000| Untracked |  0
|  58|0x0000000085600000, 0x0000000085600000, 0x0000000085700000|  0%| F|  |TAMS 0x0000000085600000| PB 0x0000000085600000| Untracked |  0
|  59|0x0000000085700000, 0x0000000085700000, 0x0000000085800000|  0%| F|  |TAMS 0x0000000085700000| PB 0x0000000085700000| Untracked |  0
|  60|0x0000000085800000, 0x0000000085800000, 0x0000000085900000|  0%| F|  |TAMS 0x0000000085800000| PB 0x0000000085800000| Untracked |  0
|  61|0x0000000085900000, 0x0000000085900000, 0x0000000085a00000|  0%| F|  |TAMS 0x0000000085900000| PB 0x0000000085900000| Untracked |  0
|  62|0x0000000085a00000, 0x0000000085a00000, 0x0000000085b00000|  0%| F|  |TAMS 0x0000000085a00000| PB 0x0000000085a00000| Untracked |  0
|  63|0x0000000085b00000, 0x0000000085b00000, 0x0000000085c00000|  0%| F|  |TAMS 0x0000000085b00000| PB 0x0000000085b00000| Untracked |  0
|  64|0x0000000085c00000, 0x0000000085c00000, 0x0000000085d00000|  0%| F|  |TAMS 0x0000000085c00000| PB 0x0000000085c00000| Untracked |  0
|  65|0x0000000085d00000, 0x0000000085d00000, 0x0000000085e00000|  0%| F|  |TAMS 0x0000000085d00000| PB 0x0000000085d00000| Untracked |  0
|  66|0x0000000085e00000, 0x0000000085e00000, 0x0000000085f00000|  0%| F|  |TAMS 0x0000000085e00000| PB 0x0000000085e00000| Untracked |  0
|  67|0x0000000085f00000, 0x0000000085f00000, 0x0000000086000000|  0%| F|  |TAMS 0x0000000085f00000| PB 0x0000000085f00000| Untracked |  0
|  68|0x0000000086000000, 0x0000000086000000, 0x0000000086100000|  0%| F|  |TAMS 0x0000000086000000| PB 0x0000000086000000| Untracked |  0
|  69|0x0000000086100000, 0x0000000086100000, 0x0000000086200000|  0%| F|  |TAMS 0x0000000086100000| PB 0x0000000086100000| Untracked |  0
|  70|0x0000000086200000, 0x0000000086200000, 0x0000000086300000|  0%| F|  |TAMS 0x0000000086200000| PB 0x0000000086200000| Untracked |  0
|  71|0x0000000086300000, 0x0000000086300000, 0x0000000086400000|  0%| F|  |TAMS 0x0000000086300000| PB 0x0000000086300000| Untracked |  0
|  72|0x0000000086400000, 0x0000000086400000, 0x0000000086500000|  0%| F|  |TAMS 0x0000000086400000| PB 0x0000000086400000| Untracked |  0
|  73|0x0000000086500000, 0x0000000086500000, 0x0000000086600000|  0%| F|  |TAMS 0x0000000086500000| PB 0x0000000086500000| Untracked |  0
|  74|0x0000000086600000, 0x0000000086600000, 0x0000000086700000|  0%| F|  |TAMS 0x0000000086600000| PB 0x0000000086600000| Untracked |  0
|  75|0x0000000086700000, 0x0000000086700000, 0x0000000086800000|  0%| F|  |TAMS 0x0000000086700000| PB 0x0000000086700000| Untracked |  0
|  76|0x0000000086800000, 0x0000000086800000, 0x0000000086900000|  0%| F|  |TAMS 0x0000000086800000| PB 0x0000000086800000| Untracked |  0
|  77|0x0000000086900000, 0x0000000086900000, 0x0000000086a00000|  0%| F|  |TAMS 0x0000000086900000| PB 0x0000000086900000| Untracked |  0
|  78|0x0000000086a00000, 0x0000000086a00000, 0x0000000086b00000|  0%| F|  |TAMS 0x0000000086a00000| PB 0x0000000086a00000| Untracked |  0
|  79|0x0000000086b00000, 0x0000000086b00000, 0x0000000086c00000|  0%| F|  |TAMS 0x0000000086b00000| PB 0x0000000086b00000| Untracked |  0
|  80|0x0000000086c00000, 0x0000000086c00000, 0x0000000086d00000|  0%| F|  |TAMS 0x0000000086c00000| PB 0x0000000086c00000| Untracked |  0
|  81|0x0000000086d00000, 0x0000000086d00000, 0x0000000086e00000|  0%| F|  |TAMS 0x0000000086d00000| PB 0x0000000086d00000| Untracked |  0
|  82|0x0000000086e00000, 0x0000000086e00000, 0x0000000086f00000|  0%| F|  |TAMS 0x0000000086e00000| PB 0x0000000086e00000| Untracked |  0
|  83|0x0000000086f00000, 0x0000000086f00000, 0x0000000087000000|  0%| F|  |TAMS 0x0000000086f00000| PB 0x0000000086f00000| Untracked |  0
|  84|0x0000000087000000, 0x0000000087000000, 0x0000000087100000|  0%| F|  |TAMS 0x0000000087000000| PB 0x0000000087000000| Untracked |  0
|  85|0x0000000087100000, 0x0000000087100000, 0x0000000087200000|  0%| F|  |TAMS 0x0000000087100000| PB 0x0000000087100000| Untracked |  0
|  86|0x0000000087200000, 0x0000000087200000, 0x0000000087300000|  0%| F|  |TAMS 0x0000000087200000| PB 0x0000000087200000| Untracked |  0
|  87|0x0000000087300000, 0x0000000087300000, 0x0000000087400000|  0%| F|  |TAMS 0x0000000087300000| PB 0x0000000087300000| Untracked |  0
|  88|0x0000000087400000, 0x0000000087400000, 0x0000000087500000|  0%| F|  |TAMS 0x0000000087400000| PB 0x0000000087400000| Untracked |  0
|  89|0x0000000087500000, 0x0000000087500000, 0x0000000087600000|  0%| F|  |TAMS 0x0000000087500000| PB 0x0000000087500000| Untracked |  0
|  90|0x0000000087600000, 0x0000000087600000, 0x0000000087700000|  0%| F|  |TAMS 0x0000000087600000| PB 0x0000000087600000| Untracked |  0
|  91|0x0000000087700000, 0x0000000087700000, 0x0000000087800000|  0%| F|  |TAMS 0x0000000087700000| PB 0x0000000087700000| Untracked |  0
|  92|0x0000000087800000, 0x0000000087800000, 0x0000000087900000|  0%| F|  |TAMS 0x0000000087800000| PB 0x0000000087800000| Untracked |  0
|  93|0x0000000087900000, 0x0000000087900000, 0x0000000087a00000|  0%| F|  |TAMS 0x0000000087900000| PB 0x0000000087900000| Untracked |  0
|  94|0x0000000087a00000, 0x0000000087a00000, 0x0000000087b00000|  0%| F|  |TAMS 0x0000000087a00000| PB 0x0000000087a00000| Untracked |  0
|  95|0x0000000087b00000, 0x0000000087b00000, 0x0000000087c00000|  0%| F|  |TAMS 0x0000000087b00000| PB 0x0000000087b00000| Untracked |  0
|  96|0x0000000087c00000, 0x0000000087c00000, 0x0000000087d00000|  0%| F|  |TAMS 0x0000000087c00000| PB 0x0000000087c00000| Untracked |  0
|  97|0x0000000087d00000, 0x0000000087d00000, 0x0000000087e00000|  0%| F|  |TAMS 0x0000000087d00000| PB 0x0000000087d00000| Untracked |  0
|  98|0x0000000087e00000, 0x0000000087e00000, 0x0000000087f00000|  0%| F|  |TAMS 0x0000000087e00000| PB 0x0000000087e00000| Untracked |  0
|  99|0x0000000087f00000, 0x0000000087f00000, 0x0000000088000000|  0%| F|  |TAMS 0x0000000087f00000| PB 0x0000000087f00000| Untracked |  0
| 100|0x0000000088000000, 0x0000000088000000, 0x0000000088100000|  0%| F|  |TAMS 0x0000000088000000| PB 0x0000000088000000| Untracked |  0
| 101|0x0000000088100000, 0x0000000088100000, 0x0000000088200000|  0%| F|  |TAMS 0x0000000088100000| PB 0x0000000088100000| Untracked |  0
| 102|0x0000000088200000, 0x0000000088200000, 0x0000000088300000|  0%| F|  |TAMS 0x0000000088200000| PB 0x0000000088200000| Untracked |  0
| 103|0x0000000088300000, 0x0000000088300000, 0x0000000088400000|  0%| F|  |TAMS 0x0000000088300000| PB 0x0000000088300000| Untracked |  0
| 104|0x0000000088400000, 0x0000000088400000, 0x0000000088500000|  0%| F|  |TAMS 0x0000000088400000| PB 0x0000000088400000| Untracked |  0
| 105|0x0000000088500000, 0x0000000088500000, 0x0000000088600000|  0%| F|  |TAMS 0x0000000088500000| PB 0x0000000088500000| Untracked |  0
| 106|0x0000000088600000, 0x0000000088600000, 0x0000000088700000|  0%| F|  |TAMS 0x0000000088600000| PB 0x0000000088600000| Untracked |  0
| 107|0x0000000088700000, 0x0000000088700000, 0x0000000088800000|  0%| F|  |TAMS 0x0000000088700000| PB 0x0000000088700000| Untracked |  0
| 108|0x0000000088800000, 0x0000000088800000, 0x0000000088900000|  0%| F|  |TAMS 0x0000000088800000| PB 0x0000000088800000| Untracked |  0
| 109|0x0000000088900000, 0x0000000088900000, 0x0000000088a00000|  0%| F|  |TAMS 0x0000000088900000| PB 0x0000000088900000| Untracked |  0
| 110|0x0000000088a00000, 0x0000000088a00000, 0x0000000088b00000|  0%| F|  |TAMS 0x0000000088a00000| PB 0x0000000088a00000| Untracked |  0
| 111|0x0000000088b00000, 0x0000000088b00000, 0x0000000088c00000|  0%| F|  |TAMS 0x0000000088b00000| PB 0x0000000088b00000| Untracked |  0
| 112|0x0000000088c00000, 0x0000000088d00000, 0x0000000088d00000|100%| S|CS|TAMS 0x0000000088c00000| PB 0x0000000088c00000| Complete |  0
| 113|0x0000000088d00000, 0x0000000088e00000, 0x0000000088e00000|100%| S|CS|TAMS 0x0000000088d00000| PB 0x0000000088d00000| Complete |  0
| 114|0x0000000088e00000, 0x0000000088e00000, 0x0000000088f00000|  0%| F|  |TAMS 0x0000000088e00000| PB 0x0000000088e00000| Untracked |  0
| 115|0x0000000088f00000, 0x0000000088f00000, 0x0000000089000000|  0%| F|  |TAMS 0x0000000088f00000| PB 0x0000000088f00000| Untracked |  0
| 116|0x0000000089000000, 0x0000000089000000, 0x0000000089100000|  0%| F|  |TAMS 0x0000000089000000| PB 0x0000000089000000| Untracked |  0
| 117|0x0000000089100000, 0x0000000089197520, 0x0000000089200000| 59%| E|  |TAMS 0x0000000089100000| PB 0x0000000089100000| Complete |  0
| 118|0x0000000089200000, 0x0000000089300000, 0x0000000089300000|100%| E|CS|TAMS 0x0000000089200000| PB 0x0000000089200000| Complete |  0
| 119|0x0000000089300000, 0x0000000089400000, 0x0000000089400000|100%| E|CS|TAMS 0x0000000089300000| PB 0x0000000089300000| Complete |  0
| 120|0x0000000089400000, 0x0000000089500000, 0x0000000089500000|100%| E|CS|TAMS 0x0000000089400000| PB 0x0000000089400000| Complete |  0
| 121|0x0000000089500000, 0x0000000089600000, 0x0000000089600000|100%| E|CS|TAMS 0x0000000089500000| PB 0x0000000089500000| Complete |  0
| 122|0x0000000089600000, 0x0000000089700000, 0x0000000089700000|100%| E|CS|TAMS 0x0000000089600000| PB 0x0000000089600000| Complete |  0
| 123|0x0000000089700000, 0x0000000089800000, 0x0000000089800000|100%| E|CS|TAMS 0x0000000089700000| PB 0x0000000089700000| Complete |  0
| 124|0x0000000089800000, 0x0000000089900000, 0x0000000089900000|100%| E|CS|TAMS 0x0000000089800000| PB 0x0000000089800000| Complete |  0
| 125|0x0000000089900000, 0x0000000089a00000, 0x0000000089a00000|100%| E|CS|TAMS 0x0000000089900000| PB 0x0000000089900000| Complete |  0
| 126|0x0000000089a00000, 0x0000000089b00000, 0x0000000089b00000|100%| E|CS|TAMS 0x0000000089a00000| PB 0x0000000089a00000| Complete |  0
| 127|0x0000000089b00000, 0x0000000089c00000, 0x0000000089c00000|100%| E|CS|TAMS 0x0000000089b00000| PB 0x0000000089b00000| Complete |  0

Card table byte_map: [0x000001fcf22f0000,0x000001fcf26f0000] _byte_map_base: 0x000001fcf1ee2000

Marking Bits: (CMBitMap*) 0x000001fce98488f0
 Bits: [0x000001fcf26f0000, 0x000001fcf4680000)

Polling page: 0x000001fce8a70000

Metaspace:

Usage:
  Non-class:      9.50 MB used.
      Class:      1.34 MB used.
       Both:     10.84 MB used.

Virtual space:
  Non-class space:       64.00 MB reserved,       9.69 MB ( 15%) committed,  1 nodes.
      Class space:        1.00 GB reserved,       1.50 MB ( <1%) committed,  1 nodes.
             Both:        1.06 GB reserved,      11.19 MB (  1%) committed. 

Chunk freelists:
   Non-Class:  5.97 MB
       Class:  14.45 MB
        Both:  20.42 MB

MaxMetaspaceSize: unlimited
CompressedClassSpaceSize: 1.00 GB
Initial GC threshold: 21.00 MB
Current GC threshold: 21.00 MB
CDS: on
 - commit_granule_bytes: 65536.
 - commit_granule_words: 8192.
 - virtual_space_node_default_size: 8388608.
 - enlarge_chunks_in_place: 1.
 - use_allocation_guard: 0.


Internal statistics:

num_allocs_failed_limit: 0.
num_arena_births: 310.
num_arena_deaths: 0.
num_vsnodes_births: 2.
num_vsnodes_deaths: 0.
num_space_committed: 179.
num_space_uncommitted: 0.
num_chunks_returned_to_freelist: 0.
num_chunks_taken_from_freelist: 557.
num_chunk_merges: 0.
num_chunk_splits: 325.
num_chunks_enlarged: 173.
num_inconsistent_stats: 0.

CodeHeap 'non-profiled nmethods': size=120064Kb used=481Kb max_used=481Kb free=119582Kb
 bounds [0x000001fc87ac0000, 0x000001fc87d30000, 0x000001fc8f000000]
CodeHeap 'profiled nmethods': size=120000Kb used=2156Kb max_used=2156Kb free=117844Kb
 bounds [0x000001fc80000000, 0x000001fc80270000, 0x000001fc87530000]
CodeHeap 'non-nmethods': size=5696Kb used=1457Kb max_used=1469Kb free=4238Kb
 bounds [0x000001fc87530000, 0x000001fc877a0000, 0x000001fc87ac0000]
CodeCache: size=245760Kb, used=4094Kb, max_used=4106Kb, free=241664Kb
 total_blobs=2189, nmethods=1639, adapters=456, full_count=0
Compilation: enabled, stopped_count=0, restarted_count=0

Compilation events (20 events):
Event: 6.640 Thread 0x000001fcf6cb2fe0 1623       3       java.lang.invoke.MethodHandles$Lookup::makeHiddenClassDefiner (20 bytes)
Event: 6.640 Thread 0x000001fcf6cb2fe0 nmethod 1623 0x000001fc80215a88 code [0x000001fc80215be0, 0x000001fc80215ee0]
Event: 6.640 Thread 0x000001fcf6cb2fe0 1628       3       java.lang.Module::canRead (86 bytes)
Event: 6.641 Thread 0x000001fcf6cb2fe0 nmethod 1628 0x000001fc80215f08 code [0x000001fc80216260, 0x000001fc80217c58]
Event: 6.642 Thread 0x000001fcf6cae130 1629 % !   4       java.util.concurrent.ConcurrentHashMap::transfer @ 96 (849 bytes)
Event: 6.645 Thread 0x000001fcf6cb2fe0 1632       3       jdk.internal.org.objectweb.asm.SymbolTable::putBootstrapMethods (56 bytes)
Event: 6.645 Thread 0x000001fcf6cb2fe0 nmethod 1632 0x000001fc80217d08 code [0x000001fc80217e80, 0x000001fc80218198]
Event: 6.647 Thread 0x000001fcf6cb2fe0 1633       3       jdk.internal.org.objectweb.asm.FieldWriter::computeFieldInfoSize (86 bytes)
Event: 6.647 Thread 0x000001fcf6cb2fe0 nmethod 1633 0x000001fc80218208 code [0x000001fc80218360, 0x000001fc80218638]
Event: 6.647 Thread 0x000001fcf6cb2fe0 1634       3       jdk.internal.org.objectweb.asm.FieldWriter::putFieldInfo (269 bytes)
Event: 6.648 Thread 0x000001fcf6cb2fe0 nmethod 1634 0x000001fc80218688 code [0x000001fc802188a0, 0x000001fc80219158]
Event: 6.652 Thread 0x000001fcf6cb2fe0 1637       3       java.lang.invoke.BoundMethodHandle$Species_L::make (11 bytes)
Event: 6.652 Thread 0x000001fcf6cb2fe0 nmethod 1637 0x000001fc80219188 code [0x000001fc802192c0, 0x000001fc80219518]
Event: 6.652 Thread 0x000001fcf6cb2fe0 1638       3       java.lang.Class::forName (24 bytes)
Event: 6.652 Thread 0x000001fcf6cb2fe0 nmethod 1638 0x000001fc80219588 code [0x000001fc802196c0, 0x000001fc802198c8]
Event: 6.653 Thread 0x000001fcf6cb2fe0 1639       3       java.util.LinkedHashMap$LinkedKeyIterator::next (8 bytes)
Event: 6.653 Thread 0x000001fcf6cb2fe0 nmethod 1639 0x000001fc80219908 code [0x000001fc80219a20, 0x000001fc80219b78]
Event: 6.653 Thread 0x000001fcf6cb2fe0 1640       3       org.openqa.selenium.json.Types::narrow (54 bytes)
Event: 6.654 Thread 0x000001fcf6cb2fe0 nmethod 1640 0x000001fc80219c08 code [0x000001fc80219dc0, 0x000001fc8021a6b8]
Event: 6.654 Thread 0x000001fcf6cb2fe0 1641       3       org.openqa.selenium.json.JsonInput::skipWhitespace (29 bytes)

GC Heap History (2 events):
Event: 2.524 GC heap before
{Heap before GC invocations=0 (full 0):
 garbage-first heap   total reserved 2068480K, committed 131072K, used 13312K [0x0000000081c00000, 0x0000000100000000)
  region size 1024K, 14 young (14336K), 0 survivors (0K)
 Metaspace       used 6279K, committed 6528K, reserved 1114112K
  class space    used 755K, committed 896K, reserved 1048576K
}
Event: 2.530 GC heap after
{Heap after GC invocations=1 (full 0):
 garbage-first heap   total reserved 2068480K, committed 131072K, used 5247K [0x0000000081c00000, 0x0000000100000000)
  region size 1024K, 2 young (2048K), 2 survivors (2048K)
 Metaspace       used 6279K, committed 6528K, reserved 1114112K
  class space    used 755K, committed 896K, reserved 1048576K
}

Dll operation events (11 events):
Event: 0.014 Loaded shared library C:\Users\Amit\.jdks\openjdk-23\bin\java.dll
Event: 0.054 Loaded shared library C:\Users\Amit\.jdks\openjdk-23\bin\jsvml.dll
Event: 0.168 Loaded shared library C:\Users\Amit\.jdks\openjdk-23\bin\zip.dll
Event: 0.173 Loaded shared library C:\Users\Amit\.jdks\openjdk-23\bin\instrument.dll
Event: 0.179 Loaded shared library C:\Users\Amit\.jdks\openjdk-23\bin\net.dll
Event: 0.183 Loaded shared library C:\Users\Amit\.jdks\openjdk-23\bin\nio.dll
Event: 0.188 Loaded shared library C:\Users\Amit\.jdks\openjdk-23\bin\zip.dll
Event: 0.254 Loaded shared library C:\Users\Amit\AppData\Local\Programs\IntelliJ IDEA Community Edition\bin\breakgen64.dll
Event: 0.267 Loaded shared library C:\Users\Amit\.jdks\openjdk-23\bin\extnet.dll
Event: 0.297 Loaded shared library C:\Users\Amit\.jdks\openjdk-23\bin\jimage.dll
Event: 2.650 Loaded shared library C:\Users\Amit\.jdks\openjdk-23\bin\sunmscapi.dll

Deoptimization events (20 events):
Event: 2.761 Thread 0x000001fcd48b8570 Uncommon trap: trap_request=0xffffffde fr.pc=0x000001fc87aea874 relative=0x0000000000000314
Event: 2.761 Thread 0x000001fcd48b8570 Uncommon trap: reason=class_check action=maybe_recompile pc=0x000001fc87aea874 method=java.util.regex.Pattern$BmpCharPropertyGreedy.match(Ljava/util/regex/Matcher;ILjava/lang/CharSequence;)Z @ 26 c2
Event: 2.761 Thread 0x000001fcd48b8570 DEOPT PACKING pc=0x000001fc87aea874 sp=0x00000052466fe220
Event: 2.761 Thread 0x000001fcd48b8570 DEOPT UNPACKING pc=0x000001fc87584402 sp=0x00000052466fe1b8 mode 2
Event: 3.146 Thread 0x000001fcd4e2d8c0 Uncommon trap: trap_request=0xffffffde fr.pc=0x000001fc87b35eac relative=0x000000000000010c
Event: 3.146 Thread 0x000001fcd4e2d8c0 Uncommon trap: reason=class_check action=maybe_recompile pc=0x000001fc87b35eac method=jdk.internal.misc.Unsafe.allocateUninitializedArray(Ljava/lang/Class;I)Ljava/lang/Object; @ 51 c2
Event: 3.146 Thread 0x000001fcd4e2d8c0 DEOPT PACKING pc=0x000001fc87b35eac sp=0x00000052468fe530
Event: 3.146 Thread 0x000001fcd4e2d8c0 DEOPT UNPACKING pc=0x000001fc87584402 sp=0x00000052468fe4a8 mode 2
Event: 3.146 Thread 0x000001fcd4e2d8c0 Uncommon trap: trap_request=0xffffffde fr.pc=0x000001fc87b35eac relative=0x000000000000010c
Event: 3.146 Thread 0x000001fcd4e2d8c0 Uncommon trap: reason=class_check action=maybe_recompile pc=0x000001fc87b35eac method=jdk.internal.misc.Unsafe.allocateUninitializedArray(Ljava/lang/Class;I)Ljava/lang/Object; @ 51 c2
Event: 3.146 Thread 0x000001fcd4e2d8c0 DEOPT PACKING pc=0x000001fc87b35eac sp=0x00000052468fe4e0
Event: 3.146 Thread 0x000001fcd4e2d8c0 DEOPT UNPACKING pc=0x000001fc87584402 sp=0x00000052468fe458 mode 2
Event: 3.146 Thread 0x000001fcd4e2be80 Uncommon trap: trap_request=0xffffffde fr.pc=0x000001fc87b35eac relative=0x000000000000010c
Event: 3.146 Thread 0x000001fcd4e2be80 Uncommon trap: reason=class_check action=maybe_recompile pc=0x000001fc87b35eac method=jdk.internal.misc.Unsafe.allocateUninitializedArray(Ljava/lang/Class;I)Ljava/lang/Object; @ 51 c2
Event: 3.146 Thread 0x000001fcd4e2be80 DEOPT PACKING pc=0x000001fc87b35eac sp=0x00000052469fdba0
Event: 3.146 Thread 0x000001fcd4e2be80 DEOPT UNPACKING pc=0x000001fc87584402 sp=0x00000052469fdb18 mode 2
Event: 3.146 Thread 0x000001fcd4e2be80 Uncommon trap: trap_request=0xffffffde fr.pc=0x000001fc87b35eac relative=0x000000000000010c
Event: 3.147 Thread 0x000001fcd4e2be80 Uncommon trap: reason=class_check action=maybe_recompile pc=0x000001fc87b35eac method=jdk.internal.misc.Unsafe.allocateUninitializedArray(Ljava/lang/Class;I)Ljava/lang/Object; @ 51 c2
Event: 3.147 Thread 0x000001fcd4e2be80 DEOPT PACKING pc=0x000001fc87b35eac sp=0x00000052469fdb30
Event: 3.147 Thread 0x000001fcd4e2be80 DEOPT UNPACKING pc=0x000001fc87584402 sp=0x00000052469fdaa8 mode 2

Classes loaded (20 events):
Event: 6.634 Loading class java/util/stream/ReferencePipeline$5
Event: 6.634 Loading class java/util/stream/LongPipeline$StatelessOp
Event: 6.634 Loading class java/util/stream/LongPipeline
Event: 6.634 Loading class java/util/stream/LongStream
Event: 6.634 Loading class java/util/stream/LongStream done
Event: 6.635 Loading class java/util/stream/LongPipeline done
Event: 6.635 Loading class java/util/stream/LongPipeline$StatelessOp done
Event: 6.635 Loading class java/util/stream/ReferencePipeline$5 done
Event: 6.635 Loading class java/util/stream/FindOps$FindSink$OfLong
Event: 6.635 Loading class java/util/stream/Sink$OfLong
Event: 6.635 Loading class java/util/stream/Sink$OfLong done
Event: 6.635 Loading class java/util/stream/FindOps$FindSink$OfLong done
Event: 6.635 Loading class java/util/OptionalLong
Event: 6.635 Loading class java/util/OptionalLong done
Event: 6.636 Loading class java/util/stream/ReferencePipeline$5$1
Event: 6.636 Loading class java/util/stream/ReferencePipeline$5$1 done
Event: 6.637 Loading class java/lang/invoke/VarHandleBytes$FieldInstanceReadWrite
Event: 6.637 Loading class java/lang/invoke/VarHandleBytes$FieldInstanceReadOnly
Event: 6.637 Loading class java/lang/invoke/VarHandleBytes$FieldInstanceReadOnly done
Event: 6.637 Loading class java/lang/invoke/VarHandleBytes$FieldInstanceReadWrite done

Classes unloaded (0 events):
No events

Classes redefined (0 events):
No events

Internal exceptions (20 events):
Event: 2.407 Thread 0x000001fce71a82f0 Exception <a 'java/lang/NoSuchMethodError'{0x00000000890094a0}: 'long java.lang.invoke.DirectMethodHandle$Holder.invokeSpecial(java.lang.Object, java.lang.Object)'> (0x00000000890094a0) 
thrown [s\open\src\hotspot\share\interpreter\linkResolver.cpp, line 796]
Event: 2.475 Thread 0x000001fce71a82f0 Exception <a 'sun/nio/fs/WindowsException'{0x0000000088f21818}> (0x0000000088f21818) 
thrown [s\open\src\hotspot\share\prims\jni.cpp, line 520]
Event: 2.537 Thread 0x000001fce71a82f0 Exception <a 'java/lang/NoSuchMethodError'{0x0000000089b56ec0}: 'void java.lang.invoke.DirectMethodHandle$Holder.invokeVirtual(java.lang.Object, java.lang.Object)'> (0x0000000089b56ec0) 
thrown [s\open\src\hotspot\share\interpreter\linkResolver.cpp, line 796]
Event: 2.595 Thread 0x000001fce71a82f0 Exception <a 'java/lang/NoSuchMethodError'{0x00000000897d5838}: 'java.lang.Object java.lang.invoke.DirectMethodHandle$Holder.invokeStaticInit(java.lang.Object, int, int, int, int)'> (0x00000000897d5838) 
thrown [s\open\src\hotspot\share\interpreter\linkResolver.cpp, line 796]
Event: 2.619 Thread 0x000001fce71a82f0 Exception <a 'java/lang/NoSuchMethodError'{0x00000000897fb3c0}: 'java.lang.Object java.lang.invoke.DirectMethodHandle$Holder.invokeStaticInit(java.lang.Object, java.lang.Object, int, int, int, int)'> (0x00000000897fb3c0) 
thrown [s\open\src\hotspot\share\interpreter\linkResolver.cpp, line 796]
Event: 2.709 Thread 0x000001fce71a82f0 Exception <a 'java/lang/NoSuchMethodError'{0x0000000089525c60}: 'java.lang.Object java.lang.invoke.DirectMethodHandle$Holder.invokeInterface(java.lang.Object, java.lang.Object, java.lang.Object)'> (0x0000000089525c60) 
thrown [s\open\src\hotspot\share\interpreter\linkResolver.cpp, line 796]
Event: 2.709 Thread 0x000001fce71a82f0 Exception <a 'java/lang/IncompatibleClassChangeError'{0x0000000089529070}: Found class java.lang.Object, but interface was expected> (0x0000000089529070) 
thrown [s\open\src\hotspot\share\interpreter\linkResolver.cpp, line 863]
Event: 2.710 Thread 0x000001fce71a82f0 Exception <a 'java/lang/NoSuchMethodError'{0x00000000895306b8}: 'int java.lang.invoke.DirectMethodHandle$Holder.invokeSpecialIFC(java.lang.Object, java.lang.Object, java.lang.Object, java.lang.Object)'> (0x00000000895306b8) 
thrown [s\open\src\hotspot\share\interpreter\linkResolver.cpp, line 796]
Event: 2.716 Thread 0x000001fce71a82f0 Exception <a 'java/lang/NoSuchMethodError'{0x0000000089552858}: 'java.lang.Object java.lang.invoke.DirectMethodHandle$Holder.invokeVirtual(java.lang.Object, java.lang.Object, java.lang.Object, java.lang.Object)'> (0x0000000089552858) 
thrown [s\open\src\hotspot\share\interpreter\linkResolver.cpp, line 796]
Event: 2.767 Thread 0x000001fcd48b8570 Exception <a 'java/net/ConnectException'{0x00000000895a6948}: Connection refused: getsockopt> (0x00000000895a6948) 
thrown [s\open\src\hotspot\share\prims\jni.cpp, line 539]
Event: 2.789 Thread 0x000001fcd48b8570 Exception <a 'java/net/ConnectException'{0x00000000895a7a70}: Connection refused: getsockopt> (0x00000000895a7a70) 
thrown [s\open\src\hotspot\share\prims\jni.cpp, line 539]
Event: 2.820 Thread 0x000001fcd48b8570 Exception <a 'java/net/ConnectException'{0x00000000895a8990}: Connection refused: getsockopt> (0x00000000895a8990) 
thrown [s\open\src\hotspot\share\prims\jni.cpp, line 539]
Event: 2.869 Thread 0x000001fcd48b8570 Exception <a 'java/net/ConnectException'{0x00000000895a98b0}: Connection refused: getsockopt> (0x00000000895a98b0) 
thrown [s\open\src\hotspot\share\prims\jni.cpp, line 539]
Event: 3.027 Thread 0x000001fce71a82f0 Exception <a 'java/lang/NoSuchMethodError'{0x0000000089478398}: 'java.lang.Object java.lang.invoke.DirectMethodHandle$Holder.newInvokeSpecial(java.lang.Object, java.lang.Object, int, int)'> (0x0000000089478398) 
thrown [s\open\src\hotspot\share\interpreter\linkResolver.cpp, line 796]
Event: 3.030 Thread 0x000001fce71a82f0 Exception <a 'java/lang/NoSuchMethodError'{0x0000000089482c48}: 'void java.lang.invoke.DirectMethodHandle$Holder.invokeStatic(java.lang.Object, java.lang.Object, int)'> (0x0000000089482c48) 
thrown [s\open\src\hotspot\share\interpreter\linkResolver.cpp, line 796]
Event: 3.110 Thread 0x000001fcd4e2d8c0 Exception <a 'java/lang/NoSuchMethodError'{0x00000000893f6658}: 'java.lang.Object java.lang.invoke.DirectMethodHandle$Holder.invokeSpecial(java.lang.Object, java.lang.Object, java.lang.Object, java.lang.Object, int)'> (0x00000000893f6658) 
thrown [s\open\src\hotspot\share\interpreter\linkResolver.cpp, line 796]
Event: 3.110 Thread 0x000001fcd4e2d8c0 Exception <a 'java/lang/NoSuchMethodError'{0x00000000893fa548}: 'java.lang.Object java.lang.invoke.Invokers$Holder.linkToTargetMethod(java.lang.Object, java.lang.Object, int, java.lang.Object)'> (0x00000000893fa548) 
thrown [s\open\src\hotspot\share\interpreter\linkResolver.cpp, line 796]
Event: 3.129 Thread 0x000001fcd4e2d8c0 Exception <a 'java/lang/NoSuchMethodError'{0x000000008923bd20}: 'void java.lang.invoke.DirectMethodHandle$Holder.invokeSpecial(java.lang.Object, java.lang.Object, java.lang.Object, java.lang.Object, java.lang.Object)'> (0x000000008923bd20) 
thrown [s\open\src\hotspot\share\interpreter\linkResolver.cpp, line 796]
Event: 3.139 Thread 0x000001fcd4897fb0 Exception <a 'java/lang/NoSuchMethodError'{0x00000000896b1340}: 'int java.lang.invoke.DirectMethodHandle$Holder.invokeStatic(java.lang.Object, int, java.lang.Object)'> (0x00000000896b1340) 
thrown [s\open\src\hotspot\share\interpreter\linkResolver.cpp, line 796]
Event: 6.643 Thread 0x000001fcd4e2d8c0 Exception <a 'java/lang/NoSuchMethodError'{0x00000000891287e8}: 'void java.lang.invoke.DirectMethodHandle$Holder.invokeSpecial(java.lang.Object, java.lang.Object, java.lang.Object, java.lang.Object, java.lang.Object, java.lang.Object, java.lang.Object)'> (0x00000000891287e8) 
thrown [s\open\src\hotspot\share\interpreter\linkResolver.cpp, line 796]

VM Operations (20 events):
Event: 0.133 Executing VM operation: HandshakeAllThreads (Deoptimize)
Event: 0.133 Executing VM operation: HandshakeAllThreads (Deoptimize) done
Event: 0.395 Executing VM operation: HandshakeAllThreads (Deoptimize)
Event: 0.395 Executing VM operation: HandshakeAllThreads (Deoptimize) done
Event: 0.400 Executing VM operation: HandshakeAllThreads (Deoptimize)
Event: 0.400 Executing VM operation: HandshakeAllThreads (Deoptimize) done
Event: 2.413 Executing VM operation: HandshakeAllThreads (Deoptimize)
Event: 2.413 Executing VM operation: HandshakeAllThreads (Deoptimize) done
Event: 2.524 Executing VM operation: G1CollectForAllocation (G1 Evacuation Pause)
Event: 2.530 Executing VM operation: G1CollectForAllocation (G1 Evacuation Pause) done
Event: 2.627 Executing VM operation: HandshakeAllThreads (Deoptimize)
Event: 2.627 Executing VM operation: HandshakeAllThreads (Deoptimize) done
Event: 2.752 Executing VM operation: HandshakeAllThreads (Deoptimize)
Event: 2.752 Executing VM operation: HandshakeAllThreads (Deoptimize) done
Event: 2.975 Executing VM operation: HandshakeAllThreads (Deoptimize)
Event: 2.975 Executing VM operation: HandshakeAllThreads (Deoptimize) done
Event: 6.628 Executing VM operation: HandshakeAllThreads (Deoptimize)
Event: 6.628 Executing VM operation: HandshakeAllThreads (Deoptimize) done
Event: 6.631 Executing VM operation: HandshakeAllThreads (Deoptimize)
Event: 6.631 Executing VM operation: HandshakeAllThreads (Deoptimize) done

Memory protections (0 events):
No events

Nmethod flushes (0 events):
No events

Events (20 events):
Event: 0.052 Thread 0x000001fce71a82f0 Thread added: 0x000001fcf6cb2fe0
Event: 0.121 Thread 0x000001fce71a82f0 Thread added: 0x000001fcd40e6a90
Event: 0.237 Thread 0x000001fcf6cb2fe0 Thread added: 0x000001fcd43a37b0
Event: 0.255 Thread 0x000001fce71a82f0 Thread added: 0x000001fcd4451680
Event: 0.255 Thread 0x000001fce71a82f0 Thread added: 0x000001fcd4451cf0
Event: 0.463 Thread 0x000001fce71a82f0 Thread added: 0x000001fcd45a1ca0
Event: 2.220 Thread 0x000001fcd43a37b0 Thread exited: 0x000001fcd43a37b0
Event: 2.226 Thread 0x000001fcd45a1ca0 Thread exited: 0x000001fcd45a1ca0
Event: 2.307 Thread 0x000001fce71a82f0 Thread added: 0x000001fcd4727640
Event: 2.451 Thread 0x000001fcf6cb2fe0 Thread added: 0x000001fcd47bec30
Event: 2.688 Thread 0x000001fce71a82f0 Thread added: 0x000001fcd4897fb0
Event: 2.750 Thread 0x000001fce71a82f0 Thread added: 0x000001fcd486da60
Event: 2.752 Thread 0x000001fce71a82f0 Thread added: 0x000001fcd486e550
Event: 2.752 Thread 0x000001fce71a82f0 Thread added: 0x000001fcd48b7600
Event: 2.758 Thread 0x000001fcd486e550 Thread added: 0x000001fcd48b8570
Event: 2.868 Thread 0x000001fcd47bec30 Thread exited: 0x000001fcd47bec30
Event: 2.974 Thread 0x000001fcd48b8570 Thread added: 0x000001fcd47bec30
Event: 3.094 Thread 0x000001fce71a82f0 Thread added: 0x000001fcd4e2d8c0
Event: 3.143 Thread 0x000001fcd4897fb0 Thread added: 0x000001fcd4e2be80
Event: 3.144 Thread 0x000001fcd4897fb0 Thread added: 0x000001fcd4e2b160


Dynamic libraries:
0x00007ff7cb340000 - 0x00007ff7cb34e000 	C:\Users\Amit\.jdks\openjdk-23\bin\java.exe
0x00007ff92b390000 - 0x00007ff92b588000 	C:\WINDOWS\SYSTEM32\ntdll.dll
0x00007ff92ab00000 - 0x00007ff92abbf000 	C:\WINDOWS\System32\KERNEL32.DLL
0x00007ff928f00000 - 0x00007ff9291d2000 	C:\WINDOWS\System32\KERNELBASE.dll
0x00007ff928d70000 - 0x00007ff928e70000 	C:\WINDOWS\System32\ucrtbase.dll
0x00007ff922e00000 - 0x00007ff922e17000 	C:\Users\Amit\.jdks\openjdk-23\bin\jli.dll
0x00007ff922a10000 - 0x00007ff922a2b000 	C:\Users\Amit\.jdks\openjdk-23\bin\VCRUNTIME140.dll
0x00007ff92a860000 - 0x00007ff92aa01000 	C:\WINDOWS\System32\USER32.dll
0x00007ff9293a0000 - 0x00007ff9293c2000 	C:\WINDOWS\System32\win32u.dll
0x00007ff90ba40000 - 0x00007ff90bcda000 	C:\WINDOWS\WinSxS\amd64_microsoft.windows.common-controls_6595b64144ccf1df_6.0.19041.1110_none_60b5254171f9507e\COMCTL32.dll
0x00007ff92a3e0000 - 0x00007ff92a40b000 	C:\WINDOWS\System32\GDI32.dll
0x00007ff92a680000 - 0x00007ff92a71e000 	C:\WINDOWS\System32\msvcrt.dll
0x00007ff929290000 - 0x00007ff92939f000 	C:\WINDOWS\System32\gdi32full.dll
0x00007ff928ca0000 - 0x00007ff928d3d000 	C:\WINDOWS\System32\msvcp_win.dll
0x00007ff92ac30000 - 0x00007ff92ac62000 	C:\WINDOWS\System32\IMM32.DLL
0x00007ff91bbe0000 - 0x00007ff91bc84000 	C:\Program Files\McAfee\Endpoint Security\Threat Prevention\Ips\EpMPApi.dll
0x00007ff92a250000 - 0x00007ff92a375000 	C:\WINDOWS\System32\RPCRT4.dll
0x00007ff92a410000 - 0x00007ff92a4be000 	C:\WINDOWS\System32\ADVAPI32.dll
0x00007ff92a5e0000 - 0x00007ff92a67c000 	C:\WINDOWS\System32\sechost.dll
0x00007ff928be0000 - 0x00007ff928c49000 	C:\WINDOWS\System32\WINTRUST.dll
0x00007ff928a80000 - 0x00007ff928bd6000 	C:\WINDOWS\System32\CRYPT32.dll
0x00007ff928670000 - 0x00007ff928682000 	C:\WINDOWS\SYSTEM32\MSASN1.dll
0x00000000640f0000 - 0x00000000640fc000 	C:\Program Files\McAfee\Endpoint Security\Threat Prevention\Ips\EpMPThe.dll
0x00007ff921f40000 - 0x00007ff921f9c000 	C:\Program Files\McAfee\Endpoint Security\Threat Prevention\Ips\HIPHandlers64.dll
0x00007ff929580000 - 0x00007ff929cc5000 	C:\WINDOWS\System32\SHELL32.dll
0x00007ff92abd0000 - 0x00007ff92ac25000 	C:\WINDOWS\System32\SHLWAPI.dll
0x00007ff927ee0000 - 0x00007ff927f1b000 	C:\WINDOWS\SYSTEM32\IPHLPAPI.DLL
0x00007ff9266e0000 - 0x00007ff9268c4000 	C:\WINDOWS\SYSTEM32\dbghelp.dll
0x00007ff922740000 - 0x00007ff92274c000 	C:\Users\Amit\.jdks\openjdk-23\bin\vcruntime140_1.dll
0x00007ff8f03a0000 - 0x00007ff8f042e000 	C:\Users\Amit\.jdks\openjdk-23\bin\msvcp140.dll
0x00007ff8b0d00000 - 0x00007ff8b1a4f000 	C:\Users\Amit\.jdks\openjdk-23\bin\server\jvm.dll
0x00007ff92a570000 - 0x00007ff92a5db000 	C:\WINDOWS\System32\WS2_32.dll
0x00007ff928050000 - 0x00007ff92809b000 	C:\WINDOWS\SYSTEM32\POWRPROF.dll
0x00007ff91f040000 - 0x00007ff91f04a000 	C:\WINDOWS\SYSTEM32\VERSION.dll
0x00007ff91c7f0000 - 0x00007ff91c817000 	C:\WINDOWS\SYSTEM32\WINMM.dll
0x00007ff927ec0000 - 0x00007ff927ed2000 	C:\WINDOWS\SYSTEM32\UMPDC.dll
0x00007ff9272d0000 - 0x00007ff9272e2000 	C:\WINDOWS\SYSTEM32\kernel.appcore.dll
0x00007ff922730000 - 0x00007ff92273a000 	C:\Users\Amit\.jdks\openjdk-23\bin\jimage.dll
0x00007ff916550000 - 0x00007ff916585000 	C:\WINDOWS\SYSTEM32\dbgcore.DLL
0x00007ff928e70000 - 0x00007ff928ef2000 	C:\WINDOWS\System32\bcryptPrimitives.dll
0x00007ff924590000 - 0x00007ff92459f000 	C:\Users\Amit\.jdks\openjdk-23\bin\instrument.dll
0x00007ff922440000 - 0x00007ff92245e000 	C:\Users\Amit\.jdks\openjdk-23\bin\java.dll
0x00007ff92b220000 - 0x00007ff92b34a000 	C:\WINDOWS\System32\ole32.dll
0x00007ff929cd0000 - 0x00007ff92a025000 	C:\WINDOWS\System32\combase.dll
0x00007ff926b20000 - 0x00007ff9272b2000 	C:\WINDOWS\SYSTEM32\windows.storage.dll
0x00007ff9284e0000 - 0x00007ff928510000 	C:\WINDOWS\SYSTEM32\Wldp.dll
0x00007ff92a120000 - 0x00007ff92a1cd000 	C:\WINDOWS\System32\SHCORE.dll
0x00007ff9289c0000 - 0x00007ff9289df000 	C:\WINDOWS\SYSTEM32\profapi.dll
0x00007ff8ee440000 - 0x00007ff8ee517000 	C:\Users\Amit\.jdks\openjdk-23\bin\jsvml.dll
0x00007ff91fd70000 - 0x00007ff91fd87000 	C:\Users\Amit\.jdks\openjdk-23\bin\zip.dll
0x00007ff922720000 - 0x00007ff922730000 	C:\Users\Amit\.jdks\openjdk-23\bin\net.dll
0x00007ff928240000 - 0x00007ff9282aa000 	C:\WINDOWS\system32\mswsock.dll
0x00007ff921b40000 - 0x00007ff921b56000 	C:\Users\Amit\.jdks\openjdk-23\bin\nio.dll
0x00007ff91bd30000 - 0x00007ff91bd4a000 	C:\Users\Amit\AppData\Local\Programs\IntelliJ IDEA Community Edition\bin\breakgen64.dll
0x00007ff90aae0000 - 0x00007ff90aae9000 	C:\Users\Amit\.jdks\openjdk-23\bin\extnet.dll
0x00007ff927f30000 - 0x00007ff927ffb000 	C:\WINDOWS\SYSTEM32\DNSAPI.dll
0x00007ff92aaf0000 - 0x00007ff92aaf8000 	C:\WINDOWS\System32\NSI.dll
0x00007ff91e410000 - 0x00007ff91e41a000 	C:\Windows\System32\rasadhlp.dll
0x00007ff91e470000 - 0x00007ff91e4f0000 	C:\WINDOWS\System32\fwpuclnt.dll
0x00007ff928d40000 - 0x00007ff928d67000 	C:\WINDOWS\System32\bcrypt.dll
0x00007ff928440000 - 0x00007ff928458000 	C:\WINDOWS\SYSTEM32\CRYPTSP.dll
0x00007ff927af0000 - 0x00007ff927b24000 	C:\WINDOWS\system32\rsaenh.dll
0x00007ff928980000 - 0x00007ff9289ae000 	C:\WINDOWS\SYSTEM32\USERENV.dll
0x00007ff928430000 - 0x00007ff92843c000 	C:\WINDOWS\SYSTEM32\CRYPTBASE.dll
0x00007ff9081d0000 - 0x00007ff9081de000 	C:\Users\Amit\.jdks\openjdk-23\bin\sunmscapi.dll
0x00007ff928550000 - 0x00007ff928577000 	C:\WINDOWS\SYSTEM32\ncrypt.dll
0x00007ff928510000 - 0x00007ff92854b000 	C:\WINDOWS\SYSTEM32\NTASN1.dll
0x00007ff90ab80000 - 0x00007ff90ab87000 	C:\WINDOWS\system32\wshunix.dll

dbghelp: loaded successfully - version: 4.0.5 - missing functions: none
symbol engine: initialized successfully - sym options: 0x614 - pdb path: .;C:\Users\Amit\.jdks\openjdk-23\bin;C:\WINDOWS\SYSTEM32;C:\WINDOWS\WinSxS\amd64_microsoft.windows.common-controls_6595b64144ccf1df_6.0.19041.1110_none_60b5254171f9507e;C:\Program Files\McAfee\Endpoint Security\Threat Prevention\Ips;C:\Users\Amit\.jdks\openjdk-23\bin\server;C:\Users\Amit\AppData\Local\Programs\IntelliJ IDEA Community Edition\bin

VM Arguments:
jvm_args: -javaagent:C:\Users\Amit\AppData\Local\Programs\IntelliJ IDEA Community Edition\lib\idea_rt.jar=51049:C:\Users\Amit\AppData\Local\Programs\IntelliJ IDEA Community Edition\bin -Dfile.encoding=UTF-8 -Dsun.stdout.encoding=UTF-8 -Dsun.stderr.encoding=UTF-8 
java_command: org.example.App
java_class_path (initial): C:\Users\Amit\IdeaProjects\gggg\target\classes;C:\Users\Amit\.m2\repository\org\seleniumhq\selenium\selenium-java\4.21.0\selenium-java-4.21.0.jar;C:\Users\Amit\.m2\repository\org\seleniumhq\selenium\selenium-api\4.21.0\selenium-api-4.21.0.jar;C:\Users\Amit\.m2\repository\org\seleniumhq\selenium\selenium-chrome-driver\4.21.0\selenium-chrome-driver-4.21.0.jar;C:\Users\Amit\.m2\repository\com\google\auto\service\auto-service-annotations\1.1.1\auto-service-annotations-1.1.1.jar;C:\Users\Amit\.m2\repository\org\seleniumhq\selenium\selenium-chromium-driver\4.21.0\selenium-chromium-driver-4.21.0.jar;C:\Users\Amit\.m2\repository\org\seleniumhq\selenium\selenium-json\4.21.0\selenium-json-4.21.0.jar;C:\Users\Amit\.m2\repository\org\seleniumhq\selenium\selenium-manager\4.21.0\selenium-manager-4.21.0.jar;C:\Users\Amit\.m2\repository\org\seleniumhq\selenium\selenium-devtools-v123\4.21.0\selenium-devtools-v123-4.21.0.jar;C:\Users\Amit\.m2\repository\org\seleniumhq\selenium\selenium-devtools-v124\4.21.0\selenium-devtools-v124-4.21.0.jar;C:\Users\Amit\.m2\repository\org\seleniumhq\selenium\selenium-devtools-v125\4.21.0\selenium-devtools-v125-4.21.0.jar;C:\Users\Amit\.m2\repository\org\seleniumhq\selenium\selenium-devtools-v85\4.21.0\selenium-devtools-v85-4.21.0.jar;C:\Users\Amit\.m2\repository\org\seleniumhq\selenium\selenium-edge-driver\4.21.0\selenium-edge-driver-4.21.0.jar;C:\Users\Amit\.m2\repository\org\seleniumhq\selenium\selenium-firefox-driver\4.21.0\selenium-firefox-driver-4.21.0.jar;C:\Users\Amit\.m2\repository\org\seleniumhq\selenium\selenium-http\4.21.0\selenium-http-4.21.0.jar;C:\Users\Amit\.m2\repository\dev\failsafe\failsafe\3.3.2\failsafe-3.3.2.jar;C:\Users\Amit\.m2\repository\org\seleniumhq\selenium\selenium-ie-driver\4.21.0\selenium-ie-driver-4.21.0.jar;C:\Users\Amit\.m2\repository\org\seleniumhq\selenium\selenium-remote-driver\4.21.0\selenium-remote-driver-4.21.0.jar;C:\Users\Amit\.m2\repository\com\google\guava\guava\33.2.0-jre\guava-33.2.0-jre.jar;C:\Users\Amit\.m2\repository\com\google\guava\failureaccess\1.0.2\failureaccess-1.0.2.jar;C:\Users\Amit\.m2\repository\com\google\guava\listenablefuture\9999.0-empty-to-avoid-conflict-with-guava\listenablefuture-9999.0-empty-to-avoid-conflict-with-guava.jar;C:\Users\Amit\.m2\repository\com\google\code\findbugs\jsr305\3.0.2\jsr305-3.0.2.jar;C:\Users\Amit\.m2\repository\org\checkerframework\checker-qual\3.42.0\checker-qual-3.42.0.jar;C:\Users\Amit\.m2\repository\com\google\errorprone\error_prone_annotations\2.26.1\error_prone_annotations-2.26.1.jar;C:\Users\Amit\.m2\repository\com\google\j2objc\j2objc-annotations\3.0.0\j2objc-annotations-3.0.0.jar;C:\Users\Amit\.m2\repository\io\opentelemetry\semconv\opentelemetry-semconv\1.25.0-alpha\opentelemetry-semconv-1.25.0-alpha.jar;C:\Users\Amit\.m2\repository\io\opentelemetry\opentelemetry-api\1.38.0\opentelemetry-api-1.38.0.jar;C:\Users\Amit\.m2\repository\io\opentelemetry\opentelemetry-context\1.38.0\opentelemetry-context-1.38.0.jar;C:\Users\Amit\.m2\repository\io\opentelemetry\opentelemetry-exporter-logging\1.38.0\opentelemetry-exporter-logging-1.38.0.jar;C:\Users\Amit\.m2\repository\io\opentelemetry\opentelemetry-sdk-common\1.38.0\opentelemetry-sdk-common-1.38.0.jar;C:\Users\Amit\.m2\repository\io\opentelemetry\opentelemetry-sdk-extension-autoconfigure-spi\1.38.0\opentelemetry-sdk-extension-autoconfigure-spi-1.38.0.jar;C:\Users\Amit\.m2\repository\io\opentelemetry\opentelemetry-sdk-extension-autoconfigure\1.38.0\opentelemetry-sdk-extension-autoconfigure-1.38.0.jar;C:\Users\Amit\.m2\repository\io\opentelemetry\opentelemetry-api-incubator\1.38.0-alpha\opentelemetry-api-incubator-1.38.0-alpha.jar;C:\Users\Amit\.m2\repository\io\opentelemetry\opentelemetry-sdk-trace\1.38.0\opentelemetry-sdk-trace-1.38.0.jar;C:\Users\Amit\.m2\repository\io\opentelemetry\opentelemetry-sdk\1.38.0\opentelemetry-sdk-1.38.0.jar;C:\Users\Amit\.m2\repository\io\opentelemetry\opentelemetry-sdk-metrics\1.38.0\opentelemetry-sdk-metrics-1.38.0.jar;C:\Users\Amit\.m2\repository\io\opentelemetry\opentelemetry-sdk-logs\1.38.0\opentelemetry-sdk-logs-1.38.0.jar;C:\Users\Amit\.m2\repository\net\bytebuddy\byte-buddy\1.14.15\byte-buddy-1.14.15.jar;C:\Users\Amit\.m2\repository\org\seleniumhq\selenium\selenium-os\4.21.0\selenium-os-4.21.0.jar;C:\Users\Amit\.m2\repository\org\apache\commons\commons-exec\1.4.0\commons-exec-1.4.0.jar;C:\Users\Amit\.m2\repository\org\seleniumhq\selenium\selenium-safari-driver\4.21.0\selenium-safari-driver-4.21.0.jar;C:\Users\Amit\.m2\repository\org\seleniumhq\selenium\selenium-support\4.21.0\selenium-support-4.21.0.jar
Launcher Type: SUN_STANDARD

[Global flags]
     intx CICompilerCount                          = 3                                         {product} {ergonomic}
     uint ConcGCThreads                            = 1                                         {product} {ergonomic}
     uint G1ConcRefinementThreads                  = 4                                         {product} {ergonomic}
   size_t G1HeapRegionSize                         = 1048576                                   {product} {ergonomic}
   size_t InitialHeapSize                          = 134217728                                 {product} {ergonomic}
   size_t MarkStackSize                            = 4194304                                   {product} {ergonomic}
   size_t MarkStackSizeMax                         = 536870912                                 {product} {ergonomic}
   size_t MaxHeapSize                              = 2118123520                                {product} {ergonomic}
   size_t MaxNewSize                               = 1270874112                                {product} {ergonomic}
   size_t MinHeapDeltaBytes                        = 1048576                                   {product} {ergonomic}
   size_t MinHeapSize                              = 8388608                                   {product} {ergonomic}
    uintx NonNMethodCodeHeapSize                   = 5832704                                {pd product} {ergonomic}
    uintx NonProfiledCodeHeapSize                  = 122945536                              {pd product} {ergonomic}
     bool PerfDisableSharedMem                     = true                                      {product} {ergonomic}
    uintx ProfiledCodeHeapSize                     = 122880000                              {pd product} {ergonomic}
    uintx ReservedCodeCacheSize                    = 251658240                              {pd product} {ergonomic}
     bool SegmentedCodeCache                       = true                                      {product} {ergonomic}
   size_t SoftMaxHeapSize                          = 2118123520                             {manageable} {ergonomic}
     bool UseCompressedOops                        = true                           {product lp64_product} {ergonomic}
     bool UseG1GC                                  = true                                      {product} {ergonomic}
     bool UseLargePagesIndividualAllocation        = false                                  {pd product} {ergonomic}

Logging:
Log output configuration:
 #0: stdout all=warning uptime,level,tags foldmultilines=false
 #1: stderr all=off uptime,level,tags foldmultilines=false

Environment Variables:
JAVA_HOME=C:\Program Files\Java\jdk-23
PATH=C:\Program Files (x86)\Common Files\Oracle\Java\java8path;C:\Program Files (x86)\Common Files\Oracle\Java\javapath;C:\oraclexe\app\oracle\product\11.2.0\server\bin;C:\WINDOWS\system32;C:\WINDOWS;C:\WINDOWS\System32\Wbem;C:\WINDOWS\System32\WindowsPowerShell\v1.0\;C:\Program Files\Intel\WiFi\bin\;C:\Program Files\Common Files\Intel\WirelessCommon\;C:\Program Files\Microsoft SQL Server\110\Tools\Binn\;C:\Program Files\Microsoft SQL Server\120\Tools\Binn\;C:\Program Files (x86)\Microsoft SQL Server\100\Tools\Binn\;C:\Program Files\Microsoft SQL Server\100\Tools\Binn\;C:\Program Files\Microsoft SQL Server\100\DTS\Binn\;C:\Program Files\Java\jdk1.8.0_74\bin;C:\Program Files\Microsoft SQL Server\130\Tools\Binn\;C:\Program Files\MySQL\MySQL Server 5.1\bin;C:\Users\Amit\AppData\Roaming\npm;D:\angular\node_modules\@angular\cli\bin;C:\Program Files (x86)\Microsoft SQL Server\110\Tools\Binn\;C:\Program Files\Microsoft SQL Server\110\DTS\Binn\;C:\Program Files (x86)\Microsoft SQL Server\110\Tools\Binn\ManagementStudio\;C:\Program Files (x86)\Microsoft SQL Server\110\DTS\Binn\;C:\WINDOWS\System32\OpenSSH\;C:\ProgramData\chocolatey\bin;C:\Program Files\Git\cmd;C:\Program Files\Java\jdk-23\bin;C:\Users\Amit\AppData\Local\Microsoft\WindowsApps;D:\CDAC\jquery\Microsoft VS Code\bin;C:\Users\Amit\AppData\Local\JetBrains\Toolbox\scripts;;D:\intelli\IntelliJ IDEA 2024.2.2\bin;
USERNAME=Amit
OS=Windows_NT
PROCESSOR_IDENTIFIER=Intel64 Family 6 Model 94 Stepping 3, GenuineIntel
TMP=C:\Users\Amit\AppData\Local\Temp
TEMP=C:\Users\Amit\AppData\Local\Temp




Periodic native trim disabled

---------------  S Y S T E M  ---------------

OS:
 Windows 10 , 64 bit Build 19041 (10.0.19041.2546)
OS uptime: 2 days 21:53 hours

CPU: total 4 (initial active 4) (4 cores per cpu, 1 threads per core) family 6 model 94 stepping 3 microcode 0xcc, cx8, cmov, fxsr, mmx, 3dnowpref, sse, sse2, sse3, ssse3, sse4.1, sse4.2, popcnt, lzcnt, tsc, tscinvbit, avx, avx2, aes, erms, clmul, bmi1, bmi2, rtm, adx, fma, vzeroupper, clflush, clflushopt, rdtscp, f16c
Processor Information for processor 0
  Max Mhz: 2301, Current Mhz: 2301, Mhz Limit: 2301
Processor Information for processor 1
  Max Mhz: 2301, Current Mhz: 2301, Mhz Limit: 2301
Processor Information for processor 2
  Max Mhz: 2301, Current Mhz: 1500, Mhz Limit: 2301
Processor Information for processor 3
  Max Mhz: 2301, Current Mhz: 1500, Mhz Limit: 2301

Memory: 4k page, system-wide physical 8074M (441M free)
TotalPageFile size 12434M (AvailPageFile size 0M)
current process WorkingSet (physical memory assigned to process): 83M, peak: 86M
current process commit charge ("private bytes"): 223M, peak: 227M

vm_info: OpenJDK 64-Bit Server VM (23+37-2369) for windows-amd64 JRE (23+37-2369), built on 2024-08-20T16:01:23Z with MS VC++ 17.6 (VS2022)

END.
